<?xml version="1.0" encoding="UTF-8"?>
<!-- Generated by org.testng.reporters.JUnitReportReporter -->
<testsuite hostname="DESKTOP-AIQJ01R" failures="0" tests="1" name="FSmokeSuit.FSmokeSuit.AutomationDriver" time="184.011" errors="0" timestamp="29 Jan 2020 11:00:40 GMT" skipped="0">
  <testcase classname="FSmokeSuit.FSmokeSuit.AutomationDriver" name="AutomationDriverExecution" time="184.011"/>
</testsuite> <!-- FSmokeSuit.FSmokeSuit.AutomationDriver -->
