<?xml version="1.0" encoding="UTF-8"?>
<!-- Generated by org.testng.reporters.JUnitReportReporter -->
<testsuite hostname="DESKTOP-AIQJ01R" failures="0" tests="1" name="FSmokeSuit.FSmokeSuit.AutomationDriver" time="68.623" errors="0" timestamp="31 Jan 2020 16:28:04 GMT" skipped="0">
  <testcase classname="FSmokeSuit.FSmokeSuit.AutomationDriver" name="AutomationDriverExecution" time="68.623"/>
</testsuite> <!-- FSmokeSuit.FSmokeSuit.AutomationDriver -->
